Using pre-set license
Built from '2020.2/release' branch; Version is '2020.2.1f1 (270dd8c3da1c) revision 2559448'; Using compiler version '192528614'; Build Type 'Release'
OS: 'Windows 10  (10.0.0) 64bit' Language: 'en' Physical Memory: 16335 MB
BatchMode: 1, IsHumanControllingUs: 0, StartBugReporterOnCrash: 0, Is64bit: 1, IsPro: 0

 COMMAND LINE ARGUMENTS:
C:\Program Files\2020.2.1f1\Editor\Unity.exe
-adb2
-batchMode
-noUpm
-name
AssetImportWorker0
-projectPath
C:/Users/vernieros/Desktop/grafergtest/graferg
-logFile
Logs/AssetImportWorker0.log
-srvPort
56724
Successfully changed project path to: C:/Users/vernieros/Desktop/grafergtest/graferg
C:/Users/vernieros/Desktop/grafergtest/graferg
Using Asset Import Pipeline V2.
Refreshing native plugins compatible for Editor in 25.07 ms, found 0 plugins.
Preloading 0 native plugins for Editor in 0.00 ms.
Initialize engine version: 2020.2.1f1 (270dd8c3da1c)
[Subsystems] Discovering subsystems at path C:/Program Files/2020.2.1f1/Editor/Data/Resources/UnitySubsystems
[Subsystems] Discovering subsystems at path C:/Users/vernieros/Desktop/grafergtest/graferg/Assets
GfxDevice: creating device client; threaded=0
Direct3D:
    Version:  Direct3D 11.0 [level 11.1]
    Renderer: NVIDIA GeForce GTX 1050 Ti (ID=0x1c82)
    Vendor:   
    VRAM:     4018 MB
    Driver:   26.21.14.3200
Initialize mono
Mono path[0] = 'C:/Program Files/2020.2.1f1/Editor/Data/Managed'
Mono path[1] = 'C:/Program Files/2020.2.1f1/Editor/Data/MonoBleedingEdge/lib/mono/unityjit'
Mono config path = 'C:/Program Files/2020.2.1f1/Editor/Data/MonoBleedingEdge/etc'
Using monoOptions --debugger-agent=transport=dt_socket,embedding=1,server=y,suspend=n,address=127.0.0.1:56428
Begin MonoManager ReloadAssembly
Registering precompiled unity dll's ...
Register platform support module: C:/Program Files/2020.2.1f1/Editor/Data/PlaybackEngines/WebGLSupport/UnityEditor.WebGL.Extensions.dll
Register platform support module: C:/Program Files/2020.2.1f1/Editor/Data/PlaybackEngines/WindowsStandaloneSupport/UnityEditor.WindowsStandalone.Extensions.dll
Register platform support module: C:/Program Files/2020.2.1f1/Editor/Data/PlaybackEngines/LinuxStandaloneSupport/UnityEditor.LinuxStandalone.Extensions.dll
Registered in 0.003375 seconds.
Native extension for LinuxStandalone target not found
Native extension for WindowsStandalone target not found
Native extension for WebGL target not found
Refreshing native plugins compatible for Editor in 25.04 ms, found 0 plugins.
Preloading 0 native plugins for Editor in 0.00 ms.
Invoked RoslynAnalysisRunner static constructor.
RoslynAnalysisRunner will not be running.
RoslynAnalysisRunner has terminated.
Mono: successfully reloaded assembly
- Completed reload, in  1.631 seconds
Platform modules already initialized, skipping
Registering precompiled user dll's ...
Registered in 0.001316 seconds.
Begin MonoManager ReloadAssembly
Native extension for LinuxStandalone target not found
Native extension for WindowsStandalone target not found
Native extension for WebGL target not found
Refreshing native plugins compatible for Editor in 0.22 ms, found 0 plugins.
Preloading 0 native plugins for Editor in 0.00 ms.
Invoked RoslynAnalysisRunner static constructor.
RoslynAnalysisRunner will not be running.
RoslynAnalysisRunner has terminated.
Mono: successfully reloaded assembly
- Completed reload, in  0.924 seconds
Platform modules already initialized, skipping
========================================================================
Worker process is ready to serve import requests
Launched and connected shader compiler UnityShaderCompiler.exe after 0.04 seconds
Refreshing native plugins compatible for Editor in 0.30 ms, found 0 plugins.
Preloading 0 native plugins for Editor in 0.00 ms.
Unloading 1103 Unused Serialized files (Serialized files now loaded: 0)
System memory in use before: 58.9 MB.
System memory in use after: 59.0 MB.

Unloading 9 unused Assets to reduce memory usage. Loaded Objects now: 1549.
Total: 2.974700 ms (FindLiveObjects: 0.223100 ms CreateObjectMapping: 0.045300 ms MarkObjects: 1.515100 ms  DeleteObjects: 1.189600 ms)

========================================================================
Received Import Request.
  path: Assets/FirstPerson.cs
  artifactKey: Guid(1fdf56bfbec82e04483112e4e57d2b53) Importer(815301076,1909f56bfc062723c751e8b465ee728b)
Start importing Assets/FirstPerson.cs using Guid(1fdf56bfbec82e04483112e4e57d2b53) Importer(815301076,1909f56bfc062723c751e8b465ee728b)  -> (artifact id: 'c8aefca8378cff1afee615098a45dd97') in 0.060798 seconds
  Import took 0.063292 seconds .

========================================================================
Received Prepare
Registering precompiled user dll's ...
Registered in 0.001202 seconds.
Begin MonoManager ReloadAssembly
Native extension for LinuxStandalone target not found
Native extension for WindowsStandalone target not found
Native extension for WebGL target not found
Refreshing native plugins compatible for Editor in 0.20 ms, found 0 plugins.
Preloading 0 native plugins for Editor in 0.00 ms.
Invoked RoslynAnalysisRunner static constructor.
RoslynAnalysisRunner will not be running.
RoslynAnalysisRunner has terminated.
Mono: successfully reloaded assembly
- Completed reload, in  0.827 seconds
Platform modules already initialized, skipping
Refreshing native plugins compatible for Editor in 0.21 ms, found 0 plugins.
Preloading 0 native plugins for Editor in 0.00 ms.
Unloading 1097 Unused Serialized files (Serialized files now loaded: 0)
System memory in use before: 59.1 MB.
System memory in use after: 59.2 MB.

Unloading 4 unused Assets to reduce memory usage. Loaded Objects now: 1551.
Total: 1.573700 ms (FindLiveObjects: 0.144100 ms CreateObjectMapping: 0.028300 ms MarkObjects: 1.384700 ms  DeleteObjects: 0.015400 ms)

========================================================================
Received Import Request.
  Time since last request: 267.734216 seconds.
  path: Assets/FirstPerson.cs
  artifactKey: Guid(1fdf56bfbec82e04483112e4e57d2b53) Importer(815301076,1909f56bfc062723c751e8b465ee728b)
Start importing Assets/FirstPerson.cs using Guid(1fdf56bfbec82e04483112e4e57d2b53) Importer(815301076,1909f56bfc062723c751e8b465ee728b)  -> (artifact id: 'c12b98c60557ff74ad851c20a2ce681e') in 0.005386 seconds
  Import took 0.007272 seconds .

========================================================================
Received Prepare
Registering precompiled user dll's ...
Registered in 0.000867 seconds.
Begin MonoManager ReloadAssembly
Native extension for LinuxStandalone target not found
Native extension for WindowsStandalone target not found
Native extension for WebGL target not found
Refreshing native plugins compatible for Editor in 0.20 ms, found 0 plugins.
Preloading 0 native plugins for Editor in 0.00 ms.
Invoked RoslynAnalysisRunner static constructor.
RoslynAnalysisRunner will not be running.
RoslynAnalysisRunner has terminated.
Mono: successfully reloaded assembly
- Completed reload, in  0.812 seconds
Platform modules already initialized, skipping
Refreshing native plugins compatible for Editor in 0.21 ms, found 0 plugins.
Preloading 0 native plugins for Editor in 0.00 ms.
Unloading 1097 Unused Serialized files (Serialized files now loaded: 0)
System memory in use before: 60.2 MB.
System memory in use after: 60.3 MB.

Unloading 4 unused Assets to reduce memory usage. Loaded Objects now: 1553.
Total: 1.800700 ms (FindLiveObjects: 0.231200 ms CreateObjectMapping: 0.045300 ms MarkObjects: 1.507500 ms  DeleteObjects: 0.015500 ms)

========================================================================
Received Import Request.
  Time since last request: 470.161375 seconds.
  path: Assets/cubecolor.cs
  artifactKey: Guid(cb741b5520708d244a162572c894ac14) Importer(815301076,1909f56bfc062723c751e8b465ee728b)
Start importing Assets/cubecolor.cs using Guid(cb741b5520708d244a162572c894ac14) Importer(815301076,1909f56bfc062723c751e8b465ee728b)  -> (artifact id: '5048ca33dbc68f68f2a8d82f9cf1cb4f') in 0.008045 seconds
  Import took 0.010539 seconds .

========================================================================
Received Prepare
Registering precompiled user dll's ...
Registered in 0.000889 seconds.
Begin MonoManager ReloadAssembly
Native extension for LinuxStandalone target not found
Native extension for WindowsStandalone target not found
Native extension for WebGL target not found
Refreshing native plugins compatible for Editor in 0.20 ms, found 0 plugins.
Preloading 0 native plugins for Editor in 0.00 ms.
Invoked RoslynAnalysisRunner static constructor.
RoslynAnalysisRunner will not be running.
RoslynAnalysisRunner has terminated.
Mono: successfully reloaded assembly
- Completed reload, in  0.818 seconds
Platform modules already initialized, skipping
Refreshing native plugins compatible for Editor in 0.20 ms, found 0 plugins.
Preloading 0 native plugins for Editor in 0.00 ms.
Unloading 1097 Unused Serialized files (Serialized files now loaded: 0)
System memory in use before: 60.0 MB.
System memory in use after: 60.1 MB.

Unloading 4 unused Assets to reduce memory usage. Loaded Objects now: 1555.
Total: 1.760600 ms (FindLiveObjects: 0.232600 ms CreateObjectMapping: 0.055300 ms MarkObjects: 1.454000 ms  DeleteObjects: 0.017900 ms)

========================================================================
Received Import Request.
  Time since last request: 612.388550 seconds.
  path: Assets/Resources/texture.jpg
  artifactKey: Guid(af4d82a3d7c09f44790364d5bbf6f883) Importer(815301076,1909f56bfc062723c751e8b465ee728b)
Start importing Assets/Resources/texture.jpg using Guid(af4d82a3d7c09f44790364d5bbf6f883) Importer(815301076,1909f56bfc062723c751e8b465ee728b)  -> (artifact id: '54c9d92595c446604471f8662a01c8d3') in 0.087686 seconds
  Import took 0.090133 seconds .

========================================================================
Received Import Request.
  Time since last request: 0.000294 seconds.
  path: Assets/Resources/texturekk.jpg
  artifactKey: Guid(cfcc75722e911a941becf029370bc4ce) Importer(815301076,1909f56bfc062723c751e8b465ee728b)
Start importing Assets/Resources/texturekk.jpg using Guid(cfcc75722e911a941becf029370bc4ce) Importer(815301076,1909f56bfc062723c751e8b465ee728b)  -> (artifact id: '4febd6364052efd5e15ec6f87e58cc47') in 0.011879 seconds
  Import took 0.013679 seconds .

========================================================================
Received Import Request.
  Time since last request: 252.048724 seconds.
  path: Assets/follow.cs
  artifactKey: Guid(30b8a454315871946823908f71edfa03) Importer(815301076,1909f56bfc062723c751e8b465ee728b)
Start importing Assets/follow.cs using Guid(30b8a454315871946823908f71edfa03) Importer(815301076,1909f56bfc062723c751e8b465ee728b)  -> (artifact id: '44927f0f8c6d04b3b796fff4ba076534') in 0.004601 seconds
  Import took 0.006491 seconds .

========================================================================
Received Import Request.
  Time since last request: 0.000534 seconds.
  path: Assets/follow.cs
  artifactKey: Guid(30b8a454315871946823908f71edfa03) Importer(815301076,1909f56bfc062723c751e8b465ee728b)
Start importing Assets/follow.cs using Guid(30b8a454315871946823908f71edfa03) Importer(815301076,1909f56bfc062723c751e8b465ee728b)  -> (artifact id: '44927f0f8c6d04b3b796fff4ba076534') in 0.003528 seconds
  Import took 0.005280 seconds .

========================================================================
Received Import Request.
  Time since last request: 52.257183 seconds.
  path: Assets/RandomObj.cs
  artifactKey: Guid(f3ca7490e7ccddf4fa02b3e9e581f8c2) Importer(815301076,1909f56bfc062723c751e8b465ee728b)
Start importing Assets/RandomObj.cs using Guid(f3ca7490e7ccddf4fa02b3e9e581f8c2) Importer(815301076,1909f56bfc062723c751e8b465ee728b)  -> (artifact id: 'caf2a018d03d365000588d83945e8b25') in 0.004683 seconds
  Import took 0.006636 seconds .

========================================================================
Received Prepare
Registering precompiled user dll's ...
Registered in 0.000851 seconds.
Begin MonoManager ReloadAssembly
Native extension for LinuxStandalone target not found
Native extension for WindowsStandalone target not found
Native extension for WebGL target not found
Refreshing native plugins compatible for Editor in 0.20 ms, found 0 plugins.
Preloading 0 native plugins for Editor in 0.00 ms.
Invoked RoslynAnalysisRunner static constructor.
RoslynAnalysisRunner will not be running.
RoslynAnalysisRunner has terminated.
Mono: successfully reloaded assembly
- Completed reload, in  0.816 seconds
Platform modules already initialized, skipping
Refreshing native plugins compatible for Editor in 0.20 ms, found 0 plugins.
Preloading 0 native plugins for Editor in 0.00 ms.
Unloading 1097 Unused Serialized files (Serialized files now loaded: 0)
System memory in use before: 60.2 MB.
System memory in use after: 60.3 MB.

Unloading 4 unused Assets to reduce memory usage. Loaded Objects now: 1559.
Total: 1.639200 ms (FindLiveObjects: 0.134600 ms CreateObjectMapping: 0.027100 ms MarkObjects: 1.458200 ms  DeleteObjects: 0.018400 ms)

========================================================================
Received Import Request.
  Time since last request: 616.640600 seconds.
  path: Assets/Prefabs/dircoll.cs
  artifactKey: Guid(8cbfed4d8e593a546a40e05c541dea7e) Importer(815301076,1909f56bfc062723c751e8b465ee728b)
Start importing Assets/Prefabs/dircoll.cs using Guid(8cbfed4d8e593a546a40e05c541dea7e) Importer(815301076,1909f56bfc062723c751e8b465ee728b)  -> (artifact id: '9d8ab3a14bcbefa90d4f09cc668e13b4') in 0.007168 seconds
  Import took 0.009230 seconds .

========================================================================
Received Import Request.
  Time since last request: 447.256565 seconds.
  path: Assets/LoadTexture.cs
  artifactKey: Guid(36e6d272e46c239488c8c3b4d4d5a36e) Importer(815301076,1909f56bfc062723c751e8b465ee728b)
Start importing Assets/LoadTexture.cs using Guid(36e6d272e46c239488c8c3b4d4d5a36e) Importer(815301076,1909f56bfc062723c751e8b465ee728b)  -> (artifact id: '3335c4fdd47cce6012b041722522e0f6') in 0.004756 seconds
  Import took 0.006768 seconds .

========================================================================
Received Import Request.
  Time since last request: 383.769905 seconds.
  path: Assets/MoveSPH.cs
  artifactKey: Guid(dc9fa345da63b5747ac3b92abbb6a52e) Importer(815301076,1909f56bfc062723c751e8b465ee728b)
Start importing Assets/MoveSPH.cs using Guid(dc9fa345da63b5747ac3b92abbb6a52e) Importer(815301076,1909f56bfc062723c751e8b465ee728b)  -> (artifact id: '29be3f6c6e7da7aceeda328c52b1f94f') in 0.005001 seconds
  Import took 0.007090 seconds .

========================================================================
Received Prepare
Registering precompiled user dll's ...
Registered in 0.000966 seconds.
Begin MonoManager ReloadAssembly
Native extension for LinuxStandalone target not found
Native extension for WindowsStandalone target not found
Native extension for WebGL target not found
Refreshing native plugins compatible for Editor in 0.21 ms, found 0 plugins.
Preloading 0 native plugins for Editor in 0.00 ms.
Invoked RoslynAnalysisRunner static constructor.
RoslynAnalysisRunner will not be running.
RoslynAnalysisRunner has terminated.
Mono: successfully reloaded assembly
- Completed reload, in  0.912 seconds
Platform modules already initialized, skipping
Refreshing native plugins compatible for Editor in 0.20 ms, found 0 plugins.
Preloading 0 native plugins for Editor in 0.00 ms.
Unloading 1097 Unused Serialized files (Serialized files now loaded: 0)
System memory in use before: 60.2 MB.
System memory in use after: 60.3 MB.

Unloading 4 unused Assets to reduce memory usage. Loaded Objects now: 1561.
Total: 1.678800 ms (FindLiveObjects: 0.150500 ms CreateObjectMapping: 0.028300 ms MarkObjects: 1.483400 ms  DeleteObjects: 0.015500 ms)

AssetImportWorkerClient::OnTransportError - code=2 error=End of file
